RUN	test.RecordedSimulation		recordedsimulation	1527461634951	 	2.0
USER	RecordedSimulation	1	START	1527461636267	1527461636267
USER	RecordedSimulation	2	START	1527461636300	1527461636300
USER	RecordedSimulation	3	START	1527461636301	1527461636301
USER	RecordedSimulation	4	START	1527461636302	1527461636302
USER	RecordedSimulation	5	START	1527461636303	1527461636303
USER	RecordedSimulation	6	START	1527461636304	1527461636304
USER	RecordedSimulation	7	START	1527461636305	1527461636305
USER	RecordedSimulation	8	START	1527461636306	1527461636306
USER	RecordedSimulation	9	START	1527461636308	1527461636308
USER	RecordedSimulation	10	START	1527461636309	1527461636309
REQUEST	RecordedSimulation	1		request_0	1527461636295	1527461668000	OK	 
REQUEST	RecordedSimulation	1		jquery.min.js	1527461668182	1527461668684	OK	 
REQUEST	RecordedSimulation	1		bootstrap.min.css	1527461668230	1527461668656	OK	 
REQUEST	RecordedSimulation	1		bootstrap.min.js	1527461668280	1527461668730	OK	 
REQUEST	RecordedSimulation	1		popper.min.js	1527461668281	1527461668747	OK	 
REQUEST	RecordedSimulation	1		style.css	1527461668328	1527461668750	OK	 
REQUEST	RecordedSimulation	2		request_0	1527461636300	1527461669464	OK	 
REQUEST	RecordedSimulation	6		request_0	1527461636305	1527461669520	OK	 
REQUEST	RecordedSimulation	2		bootstrap.min.css	1527461669476	1527461669766	OK	 
REQUEST	RecordedSimulation	2		bootstrap.min.js	1527461669477	1527461669809	OK	 
REQUEST	RecordedSimulation	2		style.css	1527461669479	1527461669969	OK	 
REQUEST	RecordedSimulation	6		bootstrap.min.js	1527461669527	1527461670089	OK	 
REQUEST	RecordedSimulation	6		popper.min.js	1527461669527	1527461670131	OK	 
REQUEST	RecordedSimulation	2		jquery.min.js	1527461669474	1527461670155	OK	 
REQUEST	RecordedSimulation	2		popper.min.js	1527461669478	1527461670162	OK	 
REQUEST	RecordedSimulation	6		jquery.min.js	1527461669525	1527461670163	OK	 
REQUEST	RecordedSimulation	6		bootstrap.min.css	1527461669526	1527461670870	OK	 
REQUEST	RecordedSimulation	2		request_1	1527461671177	1527461671625	OK	 
REQUEST	RecordedSimulation	2		request_1 Redirect 1	1527461671627	1527461672228	OK	 
REQUEST	RecordedSimulation	6		style.css	1527461669528	1527461673617	OK	 
REQUEST	RecordedSimulation	6		request_1	1527461674633	1527461674950	OK	 
REQUEST	RecordedSimulation	1		request_1	1527461669776	1527461675793	OK	 
REQUEST	RecordedSimulation	6		request_1 Redirect 1	1527461674950	1527461676066	OK	 
REQUEST	RecordedSimulation	1		request_1 Redirect 1	1527461675794	1527461676505	OK	 
REQUEST	RecordedSimulation	4		request_0	1527461636303	1527461676561	OK	 
REQUEST	RecordedSimulation	3		request_0	1527461636301	1527461676590	OK	 
REQUEST	RecordedSimulation	9		request_0	1527461636308	1527461676620	OK	 
REQUEST	RecordedSimulation	4		bootstrap.min.css	1527461676565	1527461676934	OK	 
REQUEST	RecordedSimulation	4		popper.min.js	1527461676566	1527461676958	OK	 
REQUEST	RecordedSimulation	4		bootstrap.min.js	1527461676566	1527461677001	OK	 
REQUEST	RecordedSimulation	3		popper.min.js	1527461676596	1527461677024	OK	 
REQUEST	RecordedSimulation	3		style.css	1527461676597	1527461677110	OK	 
REQUEST	RecordedSimulation	3		bootstrap.min.js	1527461676596	1527461677355	OK	 
REQUEST	RecordedSimulation	3		jquery.min.js	1527461676595	1527461677454	OK	 
REQUEST	RecordedSimulation	9		popper.min.js	1527461676628	1527461677459	OK	 
REQUEST	RecordedSimulation	4		jquery.min.js	1527461676564	1527461677573	OK	 
REQUEST	RecordedSimulation	9		jquery.min.js	1527461676626	1527461677688	OK	 
REQUEST	RecordedSimulation	4		style.css	1527461676567	1527461678023	OK	 
REQUEST	RecordedSimulation	3		bootstrap.min.css	1527461676595	1527461678136	OK	 
REQUEST	RecordedSimulation	9		style.css	1527461676628	1527461678189	OK	 
REQUEST	RecordedSimulation	7		request_0	1527461636306	1527461678584	OK	 
REQUEST	RecordedSimulation	9		bootstrap.min.css	1527461676627	1527461678652	OK	 
REQUEST	RecordedSimulation	9		bootstrap.min.js	1527461676627	1527461678678	OK	 
REQUEST	RecordedSimulation	7		popper.min.js	1527461678590	1527461678826	OK	 
REQUEST	RecordedSimulation	7		bootstrap.min.css	1527461678589	1527461678892	OK	 
REQUEST	RecordedSimulation	7		bootstrap.min.js	1527461678589	1527461678936	OK	 
REQUEST	RecordedSimulation	7		jquery.min.js	1527461678588	1527461679041	OK	 
REQUEST	RecordedSimulation	7		style.css	1527461678590	1527461681760	OK	 
REQUEST	RecordedSimulation	4		request_1	1527461679033	1527461681815	OK	 
REQUEST	RecordedSimulation	3		request_1	1527461679145	1527461681818	OK	 
REQUEST	RecordedSimulation	9		request_1	1527461679695	1527461681861	OK	 
REQUEST	RecordedSimulation	4		request_1 Redirect 1	1527461681816	1527461682395	OK	 
REQUEST	RecordedSimulation	3		request_1 Redirect 1	1527461681818	1527461682457	OK	 
REQUEST	RecordedSimulation	8		request_0	1527461636307	1527461682487	OK	 
REQUEST	RecordedSimulation	5		request_0	1527461636304	1527461682577	OK	 
REQUEST	RecordedSimulation	9		request_1 Redirect 1	1527461681862	1527461682715	OK	 
REQUEST	RecordedSimulation	8		bootstrap.min.js	1527461682494	1527461682816	OK	 
REQUEST	RecordedSimulation	8		bootstrap.min.css	1527461682494	1527461682881	OK	 
REQUEST	RecordedSimulation	5		bootstrap.min.css	1527461682581	1527461683061	OK	 
REQUEST	RecordedSimulation	8		popper.min.js	1527461682495	1527461683085	OK	 
REQUEST	RecordedSimulation	5		bootstrap.min.js	1527461682583	1527461683129	OK	 
REQUEST	RecordedSimulation	5		popper.min.js	1527461682583	1527461683216	OK	 
REQUEST	RecordedSimulation	8		jquery.min.js	1527461682494	1527461683286	OK	 
REQUEST	RecordedSimulation	5		jquery.min.js	1527461682580	1527461683301	OK	 
REQUEST	RecordedSimulation	8		style.css	1527461682495	1527461684437	OK	 
REQUEST	RecordedSimulation	5		style.css	1527461682584	1527461684446	OK	 
REQUEST	RecordedSimulation	7		request_1	1527461682772	1527461684454	OK	 
REQUEST	RecordedSimulation	10		request_0	1527461636309	1527461684787	OK	 
REQUEST	RecordedSimulation	7		request_1 Redirect 1	1527461684455	1527461685029	OK	 
REQUEST	RecordedSimulation	10		bootstrap.min.css	1527461684790	1527461685097	OK	 
REQUEST	RecordedSimulation	10		bootstrap.min.js	1527461684791	1527461685139	OK	 
REQUEST	RecordedSimulation	10		popper.min.js	1527461684791	1527461685223	OK	 
REQUEST	RecordedSimulation	10		style.css	1527461684791	1527461685228	OK	 
REQUEST	RecordedSimulation	10		jquery.min.js	1527461684790	1527461685271	OK	 
REQUEST	RecordedSimulation	8		request_1	1527461685456	1527461685777	OK	 
REQUEST	RecordedSimulation	5		request_1	1527461685465	1527461685789	OK	 
REQUEST	RecordedSimulation	8		request_1 Redirect 1	1527461685777	1527461686331	OK	 
REQUEST	RecordedSimulation	5		request_1 Redirect 1	1527461685790	1527461686393	OK	 
REQUEST	RecordedSimulation	10		request_1	1527461686284	1527461686610	OK	 
REQUEST	RecordedSimulation	10		request_1 Redirect 1	1527461686610	1527461687148	OK	 
USER	RecordedSimulation	2	END	1527461636300	1527461773252
USER	RecordedSimulation	6	END	1527461636304	1527461777074
USER	RecordedSimulation	1	END	1527461636267	1527461777505
USER	RecordedSimulation	4	END	1527461636302	1527461783415
USER	RecordedSimulation	3	END	1527461636301	1527461783475
USER	RecordedSimulation	9	END	1527461636308	1527461783715
USER	RecordedSimulation	7	END	1527461636305	1527461786035
USER	RecordedSimulation	8	END	1527461636306	1527461787335
USER	RecordedSimulation	5	END	1527461636303	1527461787395
USER	RecordedSimulation	10	END	1527461636309	1527461788156
